RPTSCHED
   RESTART=2 /


GRUPTREE 
   'OP'     'FIELD'  /
   'WI'     'FIELD'  /
/

WELSPECS 
     'OP_1'        'OP'   30   37  1*       'OIL'  7* /
     'OP_2'        'OP'   20   51  1*       'OIL'  7* /
     'OP_3'        'OP'   31   18  1*       'OIL'  7* /
/


COMPDAT 
-- WELL        I    J    K1  K2            Sat.        CF       DIAM        KH SKIN ND        DIR   Ro 
     'OP_1'   30   37    1    1      'OPEN'  1*     32.948      0.311   3047.839  2*         'X'     22.100 /
     'OP_1'   30   37    2    2      'OPEN'  1*     46.825      0.311   4332.346  2*         'X'     22.123 /
     'OP_1'   30   37    3    3      'OPEN'  1*     51.867      0.311   4799.764  2*         'X'     22.143 /
     'OP_1'   30   37    4    4      'OPEN'  1*     34.243      0.311   3169.482  2*         'X'     22.166 /
     'OP_1'   31   37    4    4      'OPEN'  1*      8.988      0.311    832.457  2*         'X'     22.236 /
     'OP_1'   31   37    5    5      'OPEN'  1*     36.435      0.311   3375.309  2*         'X'     22.262 /
     'OP_1'   31   37    6    6      'OPEN'  1*     39.630      0.311   3672.067  2*         'X'     22.283 /
     'OP_1'   31   37    7    7      'OPEN'  1*     33.975      0.311   3148.671  2*         'X'     22.307 /
     'OP_1'   31   37    8    8      'OPEN'  1*     24.869      0.311   2305.242  2*         'X'     22.329 /
     'OP_1'   31   37    9    9      'OPEN'  1*     38.301      0.311   3551.043  2*         'X'     22.351 /
     'OP_1'   31   37   10   10      'OPEN'  1*      6.642      0.311    615.914  2*         'X'     22.372 /
     'OP_1'   31   37   11   11      'OPEN'  1*      1.322      0.311    122.614  2*         'X'     22.396 /
     'OP_1'   31   37   12   12      'OPEN'  1*      3.797      0.311    352.293  2*         'X'     22.418 /
     'OP_1'   31   37   13   13      'OPEN'  1*     14.742      0.311   1367.872  2*         'X'     22.439 /
     'OP_1'   31   37   14   14      'OPEN'  1*     19.731      0.311   1831.202  2*         'X'     22.463 /
     'OP_2'   20   51    1    1      'OPEN'  1*      1.168      0.311    107.872  2*         'Y'     21.925 /
     'OP_2'   20   51    2    2      'OPEN'  1*     15.071      0.311   1391.859  2*         'Y'     21.920 /
     'OP_2'   20   51    3    3      'OPEN'  1*      6.242      0.311    576.458  2*         'Y'     21.915 /
     'OP_2'   20   51    4    4      'OPEN'  1*     16.493      0.311   1522.982  2*         'Y'     21.908 /
     'OP_2'   20   51    5    5      'OPEN'  1*      7.359      0.311    679.489  2*         'Y'     21.903 /
     'OP_3'   31   18    1    1      'OPEN'  1*     27.412      0.311   2445.337  2*         'Y'     18.521 /
     'OP_3'   31   18    2    2      'OPEN'  1*     55.195      0.311   4923.842  2*         'Y'     18.524 /
     'OP_3'   31   18    3    3      'OPEN'  1*     18.032      0.311   1608.615  2*         'Y'     18.526 /
     'OP_3'   31   17    3    3      'OPEN'  1*     56.817      0.311   5047.177  2*         'Y'     18.155 /
     'OP_3'   31   17    4    4      'OPEN'  1*      4.728      0.311    420.067  2*         'Y'     18.162 /
/



WCONHIST
--OP_1  OPEN RESV   7917.120      2.475    1447950 /
  OP_1  OPEN RESV   7741.830      5.929    1406598 /
--OP_2  OPEN RESV   7469.880      2.198    1352680 /
  OP_2  OPEN RESV   7142.920      4.261    1208280 /
--OP_3  OPEN RESV   8107.700      1.646    1455850 /
  OP_3  OPEN RESV   8108.014      5.516    1395896 /
/

WEFAC
  OP_1 1 /
  OP_2 1 /
  OP_3 1 /
/

DATES
  1 'FEB' 2000 /
/



WELSPECS 
     'WI_1'        'WI'   15   28  1*       'WATER'  7* /
/

COMPDAT 
-- WELL        I    J    K1  K2            Sat.        CF       DIAM        KH SKIN ND        DIR   Ro 
     'WI_1'   15   28    1    1      'OPEN'  1*      5.909      0.311    563.885  2*         'Z'     25.854 /
     'WI_1'   15   28    2    2      'OPEN'  1*      4.847      0.311    462.523  2*         'Z'     25.838 /
     'WI_1'   15   28    3    3      'OPEN'  1*      0.667      0.311     63.667  2*         'Z'     25.825 /
     'WI_1'   15   28    4    4      'OPEN'  1*      6.223      0.311    593.705  2*         'Z'     25.810 /
     'WI_1'   15   28    5    5      'OPEN'  1*      3.189      0.311    304.229  2*         'Z'     25.794 /
     'WI_1'   15   28    6    6      'OPEN'  1*      0.157      0.311     14.955  2*         'Z'     25.785 /
     'WI_1'   15   28    8    8      'OPEN'  1*      0.364      0.311     34.694  2*         'Z'     25.753 /
     'WI_1'   15   28    9    9      'OPEN'  1*      4.948      0.311    471.758  2*         'Z'     25.740 /
     'WI_1'   15   28   10   10      'OPEN'  1*      5.721      0.311    545.448  2*         'Z'     25.726 /
     'WI_1'   15   28   11   11      'OPEN'  1*     21.704      0.311   2069.027  2*         'Z'     25.711 /
     'WI_1'   15   28   12   12      'OPEN'  1*     26.860      0.311   2560.268  2*         'Z'     25.697 /
     'WI_1'   15   28   13   13      'OPEN'  1*     17.598      0.311   1677.218  2*         'Z'     25.682 /
     'WI_1'   15   28   14   14      'OPEN'  1*      0.391      0.311     37.238  2*         'Z'     25.672 /
/

WRFTPLT
 WI_1 YES /
/




WCONHIST
--OP_1  OPEN RESV   7910.730      4.151    1361420 /
  OP_1  OPEN RESV   7833.914      6.565    1357560 /
--OP_2  OPEN RESV   6868.540      2.334    1219360 /
  OP_2  OPEN RESV   6524.880      3.738    1064290 /
--OP_3  OPEN RESV   8119.200      1.039    1394940 /
  OP_3  OPEN RESV   8201.200      2.346    1368533 /
/

WCONINJH
   WI_1 WATER OPEN      0.00 /
/

WEFAC
  WI_1 1 /
  OP_1 1 /
  OP_2 1 /
  OP_3 1 /
/

DATES
  1 'MAR' 2000 /
/


WCONHIST
--OP_1  OPEN RESV   7894.580      4.836    1314440 /
  OP_1  OPEN RESV   7932.130      5.853    1340258 /
--OP_2  OPEN RESV   6622.890      2.130    1156170 /
  OP_2  OPEN RESV   6248.200      3.249     982790 /
--OP_3  OPEN RESV   8028.360      0.719    1337960 /
  OP_3  OPEN RESV   8178.080      0.848    1348905 /
/

WCONINJH
   WI_1 WATER OPEN  14863.80 /
/

WEFAC
  WI_1 0.548387 /
  OP_1 1 /
  OP_2 1 /
  OP_3 0.903226 /
/

DATES
  1 'APR' 2000 /
/

WCONHIST
--OP_1  OPEN RESV   7931.700      5.560    1323860 /
  OP_1  OPEN RESV   8090.050      4.971    1373936 /
--OP_2  OPEN RESV   6444.020      1.831    1098780 /
  OP_2  OPEN RESV   6037.660      2.459     910540 /
--OP_3  OPEN RESV   8033.680      0.170    1334720 /
  OP_3  OPEN RESV   8239.870      4.464    1385342 /
/

WCONINJH
   WI_1 WATER OPEN  14333.90 /
/

WEFAC
  WI_1 0.533333 /
  OP_1 1 /
  OP_2 1 /
  OP_3 0.633333 /
/

DATES
  1 'MAY' 2000 /
/

WCONHIST
--OP_1  OPEN RESV   7923.940      6.261    1482120 /
  OP_1  OPEN RESV   8196.170      4.020    1558604 /
--OP_2  OPEN RESV   6449.530      1.335    1082640 /
  OP_2  OPEN RESV   6004.140      1.440     880680 /
--OP_3  OPEN RESV   7958.270      0.341    1325000 /
  OP_3  OPEN RESV   8209.720      7.379    1414811 /
/

WCONINJH
   WI_1 WATER OPEN  13994.20 /
/

WEFAC
  WI_1 1 /
  OP_1 1 /
  OP_2 0.548387 /
  OP_3 1 /

/

DATES
  1 'JUN' 2000 /
/


WELSPECS 
     'WI_2'        'WI'   33   54  1*       'WATER'  7* /
/

COMPDAT 
-- WELL        I    J    K1  K2            Sat.        CF       DIAM        KH SKIN ND        DIR   Ro 
     'WI_2'   33   54    1    1      'OPEN'  1*     21.653      0.311   1907.732  2*         'Y'     17.458 /
     'WI_2'   33   55    1    1      'OPEN'  1*     29.166      0.311   2557.130  2*         'Y'     17.063 /
     'WI_2'   33   55    2    2      'OPEN'  1*     62.350      0.311   5467.790  2*         'Y'     17.081 /
     'WI_2'   33   55    3    3      'OPEN'  1*     53.736      0.311   4713.503  2*         'Y'     17.100 /
     'WI_2'   33   55    4    4      'OPEN'  1*     29.247      0.311   2565.989  2*         'Y'     17.117 /
     'WI_2'   33   55    5    5      'OPEN'  1*     58.798      0.311   5159.877  2*         'Y'     17.136 /
     'WI_2'   33   55    6    6      'OPEN'  1*     69.803      0.311   6126.899  2*         'Y'     17.154 /
     'WI_2'   33   55    7    7      'OPEN'  1*     56.547      0.311   4964.561  2*         'Y'     17.172 /
     'WI_2'   33   55    8    8      'OPEN'  1*     42.880      0.311   3765.444  2*         'Y'     17.190 /
     'WI_2'   33   55    9    9      'OPEN'  1*     42.339      0.311   3718.758  2*         'Y'     17.208 /
     'WI_2'   33   55   10   10      'OPEN'  1*     21.881      0.311   1922.350  2*         'Y'     17.226 /
     'WI_2'   33   55   11   11      'OPEN'  1*     28.091      0.311   2468.439  2*         'Y'     17.244 /
     'WI_2'   33   55   12   12      'OPEN'  1*     21.884      0.311   1923.397  2*         'Y'     17.262 /
     'WI_2'   33   55   13   13      'OPEN'  1*     17.321      0.311   1522.701  2*         'Y'     17.280 /
/

WRFTPLT
 WI_2 YES /
/





WCONHIST
--OP_1  OPEN RESV   6446.180      5.812    1672030 /
  OP_1  OPEN RESV   6746.490      1.978    1775130 /
--OP_2  OPEN RESV   6383.980      1.178    1083290 /
  OP_2  OPEN RESV   5911.100      0.256     876290 /
--OP_3  OPEN RESV   8028.360      0.454    1402570 /
  OP_3  OPEN RESV   8326.950     10.189    1535890 /
/

WCONINJH
   WI_1 WATER OPEN  15735.80 /
   WI_2 WATER OPEN      0.00 /
/

WEFAC
  WI_1 0.533333 /
  WI_2 1 /
  OP_1 1 /
  OP_2 1 /
  OP_3 0.933333 /
/

DATES
  1 'JLY' 2000 /
/

WCONHIST
--OP_1  OPEN RESV   5081.160      4.884    1595420 /
  OP_1  OPEN RESV   5365.180      0.480    1705410 /
--OP_2  OPEN RESV   6181.080      1.148    1055630 /
  OP_2  OPEN RESV   5701.430      2.215     863390 /
--OP_3  OPEN RESV   7937.740      0.440    1474430 /
  OP_3  OPEN RESV   8280.920     12.815    1646970 /
/

WCONINJH
   WI_1 WATER OPEN  15884.30 /
   WI_2 WATER OPEN  19336.70 /
/

WEFAC
  WI_1 0.0967742 /
  WI_2 0.903226 /
  OP_1 1 /
  OP_2 0.903226 /
  OP_3 1 /
/

DATES
  1 'AUG' 2000 /
/

WCONHIST
--OP_1  OPEN RESV   5265.770      4.974    1590700 /
  OP_1  OPEN RESV   5593.340      1.922    1708480 /
--OP_2  OPEN RESV   6229.820      0.738    1039480 /
  OP_2  OPEN RESV   5736.070      3.670     873500 /
--OP_3  OPEN RESV   7405.780      0.442    1549550 /
  OP_3  OPEN RESV   7778.130     15.001    1752650 /
/

WCONINJH
   WI_1 WATER OPEN  15800.60 /
   WI_2 WATER OPEN  20206.80 /
/

WEFAC
  WI_1 0.806452 /
  WI_2 0.645161 /
  OP_1 1 /
  OP_2 0.645161 /
  OP_3 1 /
/

DATES
  1 'SEP' 2000 /
/

WCONHIST
--OP_1  OPEN RESV   6537.110      6.014    1559250 /
  OP_1  OPEN RESV   6969.060      2.518    1679060 /
--OP_2  OPEN RESV   5983.360      0.889    1040000 /
  OP_2  OPEN RESV   5511.070      5.319     908670 /
--OP_3  OPEN RESV   7141.440      0.409    1614770 /
  OP_3  OPEN RESV   7558.820     16.709    1832950 /
/

WCONINJH
   WI_1 WATER OPEN  20384.90 /
   WI_2 WATER OPEN  16918.10 /
/

WEFAC
  WI_1 0.266667 /
  WI_2 1 /
  OP_1 1 /
  OP_2 1 /
  OP_3 1 /
/

DATES
  1 'OCT' 2000 /
/

WCONHIST
--OP_1  OPEN RESV   7723.730      7.155    1599720 /
  OP_1  OPEN RESV   8253.070      3.205    1722000 /
--OP_2  OPEN RESV   5802.480      0.909    1075390 /
  OP_2  OPEN RESV   5356.340      6.284     983334 /
--OP_3  OPEN RESV   6526.560      0.290    1592810 /
  OP_3  OPEN RESV   6965.810     17.912    1797020 /
/

WCONINJH
   WI_1 WATER OPEN  15521.00 /
   WI_2 WATER OPEN  19146.60 /
/

WEFAC
  WI_1 1 /
  WI_2 0.548387 /
  OP_1 1 /
  OP_2 1 /
  OP_3 1 /
/

DATES
  1 'NOV' 2000 /
/

WCONHIST
--OP_1  OPEN RESV   8172.010      7.468    1398030 /
  OP_1  OPEN RESV   8750.890      4.956    1498050 /
--OP_2  OPEN RESV   5599.810      0.840    1114320 /
  OP_2  OPEN RESV   5187.130      6.475    1067923 /
--OP_3  OPEN RESV   6273.340      0.227    1567410 /
  OP_3  OPEN RESV   6749.860     18.394    1741340 /
/

WCONINJH
   WI_1 WATER OPEN  13938.60 /
   WI_2 WATER OPEN  15425.10 /
/

WEFAC
  WI_1 1 /
  WI_2 1 /
  OP_1 0.533333 /
  OP_2 1 /
  OP_3 1 /
/

DATES
  1 'DEC' 2000 /
/

WCONHIST
--OP_1  OPEN RESV   8066.500      6.884    1376890 /
  OP_1  OPEN RESV   8664.590      7.818    1460999 /
--OP_2  OPEN RESV   5371.030      0.765    1162830 /
  OP_2  OPEN RESV   4994.590      5.915    1164599 /
--OP_3  OPEN RESV   6165.680      0.215    1529360 /
  OP_3  OPEN RESV   6679.720     18.105    1659820 /
/

WCONINJH
   WI_1 WATER OPEN  16236.50 /
   WI_2 WATER OPEN  16397.70 /
/

WEFAC
  WI_1 0.548387 /
  WI_2 1 /
  OP_1 1 /
  OP_2 0.935484 /
  OP_3 1 /
/

DATES
  1 'JAN' 2001 /
/


WELSPECS 
     'OP_4'        'OP'   20   37  1*       'OIL'  7* /
     'OP_5'        'OP'   27   29  1*       'OIL'  7* /
/

COMPDAT 
-- WELL        I    J    K1  K2            Sat.        CF       DIAM        KH SKIN ND        DIR   Ro 
     'OP_4'   20   37    1    1      'OPEN'  1*      8.163      0.311    795.338  2*         'Z'     28.779 /
     'OP_4'   20   37    2    2      'OPEN'  1*      7.916      0.311    771.108  2*         'Z'     28.747 /
     'OP_4'   20   37    3    3      'OPEN'  1*     10.755      0.311   1047.473  2*         'Z'     28.714 /
     'OP_4'   20   37    4    4      'OPEN'  1*     21.207      0.311   2064.890  2*         'Z'     28.680 /
     'OP_4'   20   37    5    5      'OPEN'  1*     26.941      0.311   2622.591  2*         'Z'     28.648 /
     'OP_4'   20   37    6    6      'OPEN'  1*     11.968      0.311   1164.811  2*         'Z'     28.615 /
     'OP_4'   20   37    7    7      'OPEN'  1*     16.366      0.311   1592.462  2*         'Z'     28.582 /
     'OP_5'   27   29    1    1      'OPEN'  1*     58.626      0.311   5516.231  2*         'Z'     24.063 /
     'OP_5'   27   29    2    2      'OPEN'  1*     55.544      0.311   5226.470  2*         'Z'     24.068 /
     'OP_5'   27   29    3    3      'OPEN'  1*     50.324      0.311   4735.625  2*         'Z'     24.077 /
     'OP_5'   27   29    4    4      'OPEN'  1*     44.385      0.311   4177.145  2*         'Z'     24.088 /
     'OP_5'   27   29    5    5      'OPEN'  1*     24.270      0.311   2284.220  2*         'Z'     24.095 /
     'OP_5'   27   29    6    6      'OPEN'  1*      8.814      0.311    829.641  2*         'Z'     24.105 /
/

WRFTPLT
 OP_4 YES /
 OP_5 YES /
/






WCONHIST
--OP_1  OPEN RESV   7945.610      6.806    1349920 /
  OP_1  OPEN RESV   8575.040     10.294    1410641 /
--OP_2  OPEN RESV   5260.900      0.566    1210520 /
  OP_2  OPEN RESV   4909.810      4.510    1258865 /
--OP_3  OPEN RESV   6309.040      0.285    1603470 /
  OP_3  OPEN RESV   6868.380     16.994    1689190 /
--OP_4  OPEN RESV   8127.730      1.609    1370230 /
  OP_4  OPEN RESV   8505.350     18.569    1282638 /
--OP_5  OPEN RESV   4355.450      1.473    1614930 /
  OP_5  OPEN RESV   4587.590      3.022    1643113 /
/

WCONINJH
   WI_1 WATER OPEN  17220.70 /
   WI_2 WATER OPEN  15430.60 /
/

WEFAC
  WI_1 1 /
  WI_2 1 /
  OP_1 1 /
  OP_2 0.548387 /
  OP_3 0.903226 /
  OP_4 0.548387 /
  OP_5 1 /
/

DATES
  1 'FEB' 2001 /
/

WCONHIST
--OP_1  OPEN RESV   8063.580      7.123    1371070 /
  OP_1  OPEN RESV   8758.500     12.335    1404814 /
--OP_2  OPEN RESV   5310.800      0.474    1185950 /
  OP_2  OPEN RESV   4970.720      2.620    1269703 /
--OP_3  OPEN RESV   6251.470      0.117    1627020 /
  OP_3  OPEN RESV   6821.410     15.415    1655294 /
--OP_4  OPEN RESV   7952.600      5.373    1334370 /
  OP_4  OPEN RESV   8366.490     20.405    1256624 /
--OP_5  OPEN RESV   1929.310      0.729    1582510 /
  OP_5  OPEN RESV   2047.930      3.430    1636744 /
/

WCONINJH
   WI_1 WATER OPEN  19878.90 /
   WI_2 WATER OPEN  16599.70 /
/

WEFAC
  WI_1 1 /
  WI_2 0.5 /
  OP_1 1 /
  OP_2 1 /
  OP_3 0.607143 /
  OP_4 1 /
  OP_5 1 /
/



DATES
 1 'MAR' 2001 /
/



WELSPECS 
     'WI_3'        'WI'   18   57  1*       'WATER'  7* /
/

COMPDAT 
-- WELL        I    J    K1  K2            Sat.        CF       DIAM        KH SKIN ND        DIR   Ro 
     'WI_3'   18   57    1    1      'OPEN'  1*      4.934      0.311    439.630  2*         'Y'     18.425 /
     'WI_3'   18   57    2    2      'OPEN'  1*      6.916      0.311    616.161  2*         'Y'     18.412 /
     'WI_3'   18   57    3    3      'OPEN'  1*     24.377      0.311   2171.549  2*         'Y'     18.399 /
     'WI_3'   18   58    1    1      'OPEN'  1*      6.546      0.311    589.871  2*         'Y'     19.446 /
     'WI_3'   18   58    2    2      'OPEN'  1*     19.103      0.311   1721.809  2*         'Y'     19.464 /
     'WI_3'   18   58    3    3      'OPEN'  1*     40.975      0.311   3693.960  2*         'Y'     19.483 /
     'WI_3'   18   58    4    4      'OPEN'  1*     55.003      0.311   4959.543  2*         'Y'     19.501 /
     'WI_3'   18   58    5    5      'OPEN'  1*     56.811      0.311   5123.636  2*         'Y'     19.521 /
     'WI_3'   18   58    6    6      'OPEN'  1*     43.942      0.311   3963.731  2*         'Y'     19.539 /
     'WI_3'   18   58    7    7      'OPEN'  1*     40.040      0.311   3612.526  2*         'Y'     19.559 /
     'WI_3'   18   58    8    8      'OPEN'  1*     33.836      0.311   3053.396  2*         'Y'     19.578 /
     'WI_3'   18   58    9    9      'OPEN'  1*     32.345      0.311   2919.427  2*         'Y'     19.597 /
     'WI_3'   18   58   10   10      'OPEN'  1*     28.510      0.311   2573.795  2*         'Y'     19.616 /
     'WI_3'   18   58   11   11      'OPEN'  1*     30.111      0.311   2718.973  2*         'Y'     19.636 /
     'WI_3'   18   58   12   12      'OPEN'  1*      5.955      0.311    537.842  2*         'Y'     19.657 /
/

WRFTPLT
 WI_3 YES /
/




WCONHIST
--OP_1  OPEN RESV   7945.610      7.817    1350440 /
  OP_1  OPEN RESV   8695.890     13.755    1354022 /
--OP_2  OPEN RESV   5198.530      0.489    1163340 /
  OP_2  OPEN RESV   4876.390      0.472    1270790 /
--OP_3  OPEN RESV   5668.290      0.302    1623700 /
  OP_3  OPEN RESV   6180.680     12.878    1589173 /
--OP_4  OPEN RESV   7975.780     11.650    1328570 /
  OP_4  OPEN RESV   8421.660     24.217    1270827 /
--OP_5  OPEN RESV   1528.980      0.482    1621440 /
  OP_5  OPEN RESV   1634.620      4.229    1696817 /
/

WCONINJH
   WI_1 WATER OPEN  17683.10 /
   WI_2 WATER OPEN  16046.10 /
   WI_3 WATER OPEN      0.00 /
/

WEFAC
  WI_1 1 /
  WI_2 1 /
  WI_3 1 /
  OP_1 1 /
  OP_2 0.548387 /
  OP_3 0.903226 /
  OP_4 0.548387 /
  OP_5 1 /
/

DATES
  1 'APR' 2001 /
/

WCONHIST
--OP_1  OPEN RESV   7977.420     10.099    1335120 /
  OP_1  OPEN RESV   8796.880     13.100    1311575 /
--OP_2  OPEN RESV   5523.550      0.146    1123440 /
  OP_2  OPEN RESV   5191.780      2.098    1242320 /
--OP_3  OPEN RESV   4874.930      0.258    1681890 /
  OP_3  OPEN RESV   5293.940     10.139    1580100 /
--OP_4  OPEN RESV   7763.770     60.945    1291600 /
  OP_4  OPEN RESV   8218.190     70.703    1264976 /
--OP_5  OPEN RESV   1566.120      0.437    1593270 /
  OP_5  OPEN RESV   1684.380      5.154    1676231 /
/

WCONINJH
   WI_1 WATER OPEN  19254.00 /
   WI_2 WATER OPEN  13633.50 /
   WI_3 WATER OPEN  21056.00 /
/

WEFAC
  WI_1 1 /
  WI_2 0.933333 /
  WI_3 1 /
  OP_1 1 /
  OP_2 1 /
  OP_3 1 /
  OP_4 0.533333 /
  OP_5 1 /
/

DATES
  1 'MAY' 2001 /
/

WCONHIST
--OP_1  OPEN RESV   7979.450     17.104    1366870 /
  OP_1  OPEN RESV   8853.351      6.979    1321533 /
--OP_2  OPEN RESV   5964.060      0.000    1082910 /
  OP_2  OPEN RESV   5620.790      0.000    1204980 /
--OP_3  OPEN RESV   3791.870      0.172    1537150 /
  OP_3  OPEN RESV   4086.780      7.241    1386810 /
--OP_4  OPEN RESV   6824.610    521.024    1164690 /
  OP_4  OPEN RESV   7236.370    555.922    1173180 /
--OP_5  OPEN RESV   1958.410      0.531    1626810 /
  OP_5  OPEN RESV   2116.010      6.161    1708230 /
/

WCONINJH
   WI_1 WATER OPEN  18521.00 /
   WI_2 WATER OPEN  14674.60 /
   WI_3 WATER OPEN  20107.80 /
/

WEFAC
  WI_1 1 /
  WI_2 0.612903 /
  WI_3 0.83871 /
  OP_1 1 /
  OP_2 1 /
  OP_3 1 /
  OP_4 1 /
  OP_5 1 /
/

DATES
  1 'JUN' 2001 /
/

WCONHIST
--OP_1  OPEN RESV   8054.400     33.219    1350450 /
  OP_1  OPEN RESV   8967.110      9.233    1294356 /
--OP_2  OPEN RESV   6017.240      0.042    1060180 /
  OP_2  OPEN RESV   5694.270      5.461    1182060 /
--OP_3  OPEN RESV   3661.170      0.203    1619670 /
  OP_3  OPEN RESV   3904.130      4.284    1408910 /
--OP_4  OPEN RESV   5968.930   1028.960    1052700 /
  OP_4  OPEN RESV   6336.160   1064.458    1091267 /
--OP_5  OPEN RESV   2161.800      0.435    1630300 /
  OP_5  OPEN RESV   2343.720      6.926    1696916 /
/

WCONINJH
   WI_1 WATER OPEN  17085.80 /
   WI_2 WATER OPEN  13447.80 /
   WI_3 WATER OPEN  19374.80 /
/

WEFAC
  WI_1 1 /
  WI_2 1 /
  WI_3 0.7 /
  OP_1 1 /
  OP_2 1 /
  OP_3 1 /
  OP_4 1 /
  OP_5 0.533333 /
/

DATES
  1 'JLY' 2001 /
/

WCONHIST
--OP_1  OPEN RESV   8002.740     67.968    1333510 /
  OP_1  OPEN RESV   8906.280     45.214    1278484 /
--OP_2  OPEN RESV   6267.260      0.551    1074980 /
  OP_2  OPEN RESV   5966.060      5.318    1197500 /
--OP_3  OPEN RESV   3636.510      0.198    1635040 /
  OP_3  OPEN RESV   3828.400      1.685    1381700 /
--OP_4  OPEN RESV   5332.310   1509.970     940225 /
  OP_4  OPEN RESV   5663.630   1511.663    1000647 /
--OP_5  OPEN RESV   3074.570      0.604    1585340 /
  OP_5  OPEN RESV   3342.060      7.900    1627361 /
/

WCONINJH
   WI_1 WATER OPEN  17930.60 /
   WI_2 WATER OPEN  13512.90 /
   WI_3 WATER OPEN  20795.00 /
/

WEFAC
  WI_1 1 /
  WI_2 1 /
  WI_3 1 /
  OP_1 1 /
  OP_2 1 /
  OP_3 0.677419 /
  OP_4 1 /
  OP_5 1 /
/

DATES
  1 'AUG' 2001 /
/

WCONHIST
--OP_1  OPEN RESV   8055.700    123.217    1345930 /
  OP_1  OPEN RESV   8921.230     98.114    1302900 /
--OP_2  OPEN RESV   6312.590      2.889    1093660 /
  OP_2  OPEN RESV   6053.130      2.205    1214550 /
--OP_3  OPEN RESV   4087.920      0.024    1627730 /
  OP_3  OPEN RESV   4244.430      0.175    1349210 /
--OP_4  OPEN RESV   4850.840   1903.140     837043 /
  OP_4  OPEN RESV   5152.570   1843.123     910439 /
--OP_5  OPEN RESV   2785.760      0.680    1540800 /
  OP_5  OPEN RESV   3034.940      8.702    1556656 /
/

WCONINJH
   WI_1 WATER OPEN  16523.40 /
   WI_2 WATER OPEN  14663.10 /
   WI_3 WATER OPEN  16693.80 /
/

WEFAC
  WI_1 1 /
  WI_2 1 /
  WI_3 0.548387 /
  OP_1 1 /
  OP_2 1 /
  OP_3 0.419355 /
  OP_4 0.580645 /
  OP_5 1 /
/

DATES
  1 'SEP' 2001 /
/

WCONHIST
--OP_1  OPEN RESV   8052.720    211.337    1347910 /
  OP_1  OPEN RESV   8830.920    175.402    1328426 /
--OP_2  OPEN RESV   6349.190     13.031    1078360 /
  OP_2  OPEN RESV   6133.780      9.839    1191360 /
--OP_3  OPEN RESV   4567.370      0.204    1571320 /
  OP_3  OPEN RESV   4677.290      1.627    1289870 /
--OP_4  OPEN RESV   4468.450   2328.860     751861 /
  OP_4  OPEN RESV   4745.100   2186.260     830637 /
--OP_5  OPEN RESV   2958.740      0.726    1370640 /
  OP_5  OPEN RESV   3229.890      9.370    1365117 /
/

WCONINJH
   WI_1 WATER OPEN  17674.00 /
   WI_2 WATER OPEN  13744.40 /
   WI_3 WATER OPEN  19408.80 /
/

WEFAC
  WI_1 1 /
  WI_2 1 /
  WI_3 1 /
  OP_1 1 /
  OP_2 1 /
  OP_3 1 /
  OP_4 0.966667 /
  OP_5 1 /
/

DATES
  1 'OCT' 2001 /
/

WCONHIST
--OP_1  OPEN RESV   7993.770    342.987    1348890 /
  OP_1  OPEN RESV   8640.840    298.517    1361570 /
--OP_2  OPEN RESV   6407.660     50.117    1103550 /
  OP_2  OPEN RESV   6228.240     49.721    1209920 /
--OP_3  OPEN RESV   4828.700      0.301    1480240 /
  OP_3  OPEN RESV   4881.465      2.148    1212810 /
--OP_4  OPEN RESV   4099.250   2670.730     685228 /
  OP_4  OPEN RESV   4351.880   2442.730     762932 /
--OP_5  OPEN RESV   2823.790      0.380     904713 /
  OP_5  OPEN RESV   3087.320      9.512     892459 /
/

WCONINJH
   WI_1 WATER OPEN  16067.90 /
   WI_2 WATER OPEN  13191.60 /
   WI_3 WATER OPEN  18310.10 /
/

WEFAC
  WI_1 1 /
  WI_2 1 /
  WI_3 1 /
  OP_1 1 /
  OP_2 1 /
  OP_3 1 /
  OP_4 0.548387 /
  OP_5 1 /
/

DATES
  1 'NOV' 2001 /
/

WCONHIST
--OP_1  OPEN RESV   7984.030    547.316    1347840 /
  OP_1  OPEN RESV   8476.859    499.687    1397573 /
--OP_2  OPEN RESV   6299.910    150.203    1100690 /
  OP_2  OPEN RESV   6144.690    154.566    1194005 /
--OP_3  OPEN RESV   4913.670      0.185    1409670 /
  OP_3  OPEN RESV   4910.519      1.653    1158880 /
--OP_4  OPEN RESV   3611.710   3032.120     603509 /
  OP_4  OPEN RESV   3834.790   2724.180     670787 /
--OP_5  OPEN RESV   3553.780      0.139     690510 /
  OP_5  OPEN RESV   3887.300      9.602     678584 /
/

WCONINJH
   WI_1 WATER OPEN  16565.50 /
   WI_2 WATER OPEN  14360.00 /
   WI_3 WATER OPEN  18710.40 /
/

WEFAC
  WI_1 1 /
  WI_2 1 /
  WI_3 0.8 /
  OP_1 1 /
  OP_2 1 /
  OP_3 0.533333 /
  OP_4 1 /
  OP_5 1 /
/

DATES
  1 'DEC' 2001 /
/

WCONHIST
--OP_1  OPEN RESV   7935.180    862.483    1353550 /
  OP_1  OPEN RESV   8261.120    821.725    1441183 /
--OP_2  OPEN RESV   5784.420    270.182    1004010 /
  OP_2  OPEN RESV   5641.670    287.193    1073720 /
--OP_3  OPEN RESV   5257.740      0.106    1205800 /
  OP_3  OPEN RESV   5203.147      0.542     997490 /
--OP_4  OPEN RESV   3354.050   3222.930     574949 /
  OP_4  OPEN RESV   3564.000   2873.580     631154 /
--OP_5  OPEN RESV   3835.130      0.050     619826 /
  OP_5  OPEN RESV   4189.280      9.674     609676 /
/

WCONINJH
   WI_1 WATER OPEN  16280.30 /
   WI_2 WATER OPEN  13061.00 /
   WI_3 WATER OPEN  19584.70 /
/

WEFAC
  WI_1 0.548387 /
  WI_2 1 /
  WI_3 0.741935 /
  OP_1 1 /
  OP_2 0.709677 /
  OP_3 1 /
  OP_4 1 /
  OP_5 1 /
/

DATES
  1 'JAN' 2002 /
/

WCONHIST
--OP_1  OPEN RESV   7280.230   1430.680    1267030 /
  OP_1  OPEN RESV   7435.830   1408.929    1379940 /
--OP_2  OPEN RESV   6005.060    357.613    1063740 /
  OP_2  OPEN RESV   5834.960    391.269    1117208 /
--OP_3  OPEN RESV   5607.530      0.072    1076540 /
  OP_3  OPEN RESV   5505.350      0.968     897320 /
--OP_4  OPEN RESV   3078.010   3365.470     520498 /
  OP_4  OPEN RESV   3275.210   3008.410     558515 /
--OP_5  OPEN RESV   3804.940      0.017     582371 /
  OP_5  OPEN RESV   4139.450      9.631     574501 /
/

WCONINJH
   WI_1 WATER OPEN  16401.30 /
   WI_2 WATER OPEN  14036.00 /
   WI_3 WATER OPEN  18635.70 /
/

WEFAC
  WI_1 0.612903 /
  WI_2 0.548387 /
  WI_3 1 /
  OP_1 1 /
  OP_2 0.83871 /
  OP_3 0.548387 /
  OP_4 1 /
  OP_5 1 /
/

DATES
  1 'FEB' 2002 /
/

WCONHIST
--OP_1  OPEN RESV   6603.950   2119.840    1098030 /
  OP_1  OPEN RESV   6635.160   2132.286    1214300 /
--OP_2  OPEN RESV   5432.130    604.011     967091 /
  OP_2  OPEN RESV   5241.550    676.345     994194 /
--OP_3  OPEN RESV   5777.750      0.046     924066 /
  OP_3  OPEN RESV   5637.700      2.684     776596 /
--OP_4  OPEN RESV   2843.120   3447.110     481915 /
  OP_4  OPEN RESV   3030.090   3114.980     501522 /
--OP_5  OPEN RESV   3615.650      0.005     517958 /
  OP_5  OPEN RESV   3904.560      9.438     511828 /
/

WCONINJH
   WI_1 WATER OPEN  17971.70 /
   WI_2 WATER OPEN  14442.00 /
   WI_3 WATER OPEN  19865.90 /
/

WEFAC
  WI_1 0.928571 /
  WI_2 1 /
  WI_3 1 /
  OP_1 1 /
  OP_2 1 /
  OP_3 1 /
  OP_4 1 /
  OP_5 1 /
/

DATES
  1 'MAR' 2002 /
/

WCONHIST
--OP_1  OPEN RESV   5851.930   2934.730     984051 /
  OP_1  OPEN RESV   5808.077   2979.358    1093971 /
--OP_2  OPEN RESV   4886.030    757.740     866001 /
  OP_2  OPEN RESV   4672.320    862.640     869850 /
--OP_3  OPEN RESV   5641.080      0.040     829254 /
  OP_3  OPEN RESV   5479.570      4.327     703194 /
--OP_4  OPEN RESV   2649.190   3754.420     440595 /
  OP_4  OPEN RESV   2826.490   3448.460     442946 /
--OP_5  OPEN RESV   3878.920      0.003     521543 /
  OP_5  OPEN RESV   4142.940      9.083     514187 /
/

WCONINJH
   WI_1 WATER OPEN  17640.00 /
   WI_2 WATER OPEN  14605.00 /
   WI_3 WATER OPEN  19131.60 /
/

WEFAC
  WI_1 1 /
  WI_2 1 /
  WI_3 0.548387 /
  OP_1 1 /
  OP_2 1 /
  OP_3 1 /
  OP_4 1 /
  OP_5 1 /
/

DATES
  1 'APR' 2002 /
/

WCONHIST
--OP_1  OPEN RESV   5249.990   3592.370     895381 /
  OP_1  OPEN RESV   5171.924   3644.078     989955 /
--OP_2  OPEN RESV   4609.230    920.572     812595 /
  OP_2  OPEN RESV   4366.970   1058.842     797828 /
--OP_3  OPEN RESV   5817.050      0.032     797670 /
  OP_3  OPEN RESV   5633.120      5.613     683200 /
--OP_4  OPEN RESV   2566.310   3867.530     430985 /
  OP_4  OPEN RESV   2737.450   3621.270     418474 /
--OP_5  OPEN RESV   3861.570      0.002     512928 /
  OP_5  OPEN RESV   4064.920      8.554     501582 /
/

WCONINJH
   WI_1 WATER OPEN  18045.80 /
   WI_2 WATER OPEN  12156.50 /
   WI_3 WATER OPEN  17809.00 /
/

WEFAC
  WI_1 0.533333 /
  WI_2 1 /
  WI_3 0.533333 /
  OP_1 1 /
  OP_2 1 /
  OP_3 1 /
  OP_4 1 /
  OP_5 1 /
/

DATES
  1 'MAY' 2002 /
/

WCONHIST
--OP_1  OPEN RESV   4760.790   4084.930     812471 /
  OP_1  OPEN RESV   4675.715   4111.307     885438 /
--OP_2  OPEN RESV   4251.300   1053.050     733731 /
  OP_2  OPEN RESV   3997.560   1217.840     705965 /
--OP_3  OPEN RESV   5879.120      0.019     793640 /
  OP_3  OPEN RESV   5683.200      6.234     687270 /
--OP_4  OPEN RESV   2470.710   3786.220     407085 /
  OP_4  OPEN RESV   2629.710   3617.230     382645 /
--OP_5  OPEN RESV   3826.190      0.008     534494 /
  OP_5  OPEN RESV   3957.980      7.855     515011 /
/

WCONINJH
   WI_1 WATER OPEN  13722.20 /
   WI_2 WATER OPEN  12441.80 /
   WI_3 WATER OPEN  15246.90 /
/

WEFAC
  WI_1 1 /
  WI_2 1 /
  WI_3 1 /
  OP_1 1 /
  OP_2 1 /
  OP_3 0.548387 /
  OP_4 1 /
  OP_5 0.806452 /
/

DATES
  1 'JUN' 2002 /
/

WCONHIST
--OP_1  OPEN RESV   4329.800   4518.670     743274 /
  OP_1  OPEN RESV   4253.952   4495.812     793874 /
--OP_2  OPEN RESV   4023.830   1255.920     698314 /
  OP_2  OPEN RESV   3767.780   1456.190     660830 /
--OP_3  OPEN RESV   6230.230      0.030     797147 /
  OP_3  OPEN RESV   6020.340      5.948     698315 /
--OP_4  OPEN RESV   2329.100   3850.570     380646 /
  OP_4  OPEN RESV   2468.130   3750.668     347662 /
--OP_5  OPEN RESV   4246.840      0.064     525661 /
  OP_5  OPEN RESV   4308.627      7.039     495992 /
/

WCONINJH
   WI_1 WATER OPEN  12541.50 /
   WI_2 WATER OPEN  12213.70 /
   WI_3 WATER OPEN  13935.00 /
/

WEFAC
  WI_1 1 /
  WI_2 1 /
  WI_3 1 /
  OP_1 1 /
  OP_2 0.733333 /
  OP_3 0.533333 /
  OP_4 1 /
  OP_5 0.733333 /
/

DATES
  1 'JLY' 2002 /
/

WCONHIST
--OP_1  OPEN RESV   3908.160   4873.910     673151 /
  OP_1  OPEN RESV   3849.611   4792.362     702714 /
--OP_2  OPEN RESV   4208.820   1303.850     746747 /
  OP_2  OPEN RESV   3941.330   1514.120     697485 /
--OP_3  OPEN RESV   6173.800      0.158     766258 /
  OP_3  OPEN RESV   5973.300      4.644     678771 /
--OP_4  OPEN RESV   2283.930   3810.210     383654 /
  OP_4  OPEN RESV   2405.060   3774.554     341985 /
--OP_5  OPEN RESV   4095.840      0.305     475532 /
  OP_5  OPEN RESV   4072.477      6.286     437262 /
/

WCONINJH
   WI_1 WATER OPEN  12200.40 /
   WI_2 WATER OPEN  11207.40 /
   WI_3 WATER OPEN  16373.00 /
/

WEFAC
  WI_1 0.548387 /
  WI_2 1 /
  WI_3 1 /
  OP_1 1 /
  OP_2 0.451613 /
  OP_3 1 /
  OP_4 1 /
  OP_5 1 /
/

DATES
  1 'AUG' 2002 /
/

WCONHIST
--OP_1  OPEN RESV   3632.410   5184.870     634291 /
  OP_1  OPEN RESV   3591.527   5051.170     646723 /
--OP_2  OPEN RESV   3887.550   1577.050     702533 /
  OP_2  OPEN RESV   3657.450   1834.920     649370 /
--OP_3  OPEN RESV   6011.280     10.543     734014 /
  OP_3  OPEN RESV   5834.630      7.623     656495 /
--OP_4  OPEN RESV   2228.010   4011.970     365647 /
  OP_4  OPEN RESV   2328.880   4024.398     319529 /
--OP_5  OPEN RESV   4010.490      0.797     502893 /
  OP_5  OPEN RESV   3910.230      5.733     449380 /
/

WCONINJH
   WI_1 WATER OPEN  15576.60 /
   WI_2 WATER OPEN  14158.90 /
   WI_3 WATER OPEN  16379.50 /
/

WEFAC
  WI_1 1 /
  WI_2 0.548387 /
  WI_3 1 /
  OP_1 1 /
  OP_2 0.903226 /
  OP_3 1 /
  OP_4 1 /
  OP_5 1 /
/

DATES
  1 'SEP' 2002 /
/

WCONHIST
--OP_1  OPEN RESV   3610.060   5253.500     624842 /
  OP_1  OPEN RESV   3584.781   5092.860     622552 /
--OP_2  OPEN RESV   3492.540   1676.020     619891 /
  OP_2  OPEN RESV   3315.770   1955.990     567974 /
--OP_3  OPEN RESV   5914.370     83.238     701440 /
  OP_3  OPEN RESV   5770.910     82.566     631800 /
--OP_4  OPEN RESV   2202.170   4222.700     359911 /
  OP_4  OPEN RESV   2285.117   4262.316     309566 /
--OP_5  OPEN RESV   4375.160      1.114     500171 /
  OP_5  OPEN RESV   4190.560      5.045     434114 /
/

WCONINJH
   WI_1 WATER OPEN  15072.90 /
   WI_2 WATER OPEN  13160.00 /
   WI_3 WATER OPEN  17443.80 /
/

WEFAC
  WI_1 1 /
  WI_2 1 /
  WI_3 0.533333 /
  OP_1 1 /
  OP_2 1 /
  OP_3 1 /
  OP_4 0.533333 /
  OP_5 0.533333 /
/

DATES
  1 'OCT' 2002 /
/

WCONHIST
--OP_1  OPEN RESV   3238.820   5698.980     553546 /
  OP_1  OPEN RESV   3230.575   5523.310     539577 /
--OP_2  OPEN RESV   3306.600   1844.170     587676 /
  OP_2  OPEN RESV   3180.700   2161.340     534374 /
--OP_3  OPEN RESV   5814.080    167.408     675947 /
  OP_3  OPEN RESV   5713.840    170.050     611089 /
--OP_4  OPEN RESV   2128.560   4320.830     352334 /
  OP_4  OPEN RESV   2195.995   4355.604     299165 /
--OP_5  OPEN RESV   4310.850      3.093     468430 /
  OP_5  OPEN RESV   4068.000      6.139     395439 /
/

WCONINJH
   WI_1 WATER OPEN  13626.00 /
   WI_2 WATER OPEN  12168.90 /
   WI_3 WATER OPEN  15140.00 /
/

WEFAC
  WI_1 1 /
  WI_2 1 /
  WI_3 1 /
  OP_1 1 /
  OP_2 1 /
  OP_3 0.387097 /
  OP_4 1 /
  OP_5 1 /
/

DATES
  1 'NOV' 2002 /
/

WCONHIST
--OP_1  OPEN RESV   2883.170   5937.920     501237 /
  OP_1  OPEN RESV   2889.006   5775.170     478846 /
--OP_2  OPEN RESV   3136.330   2010.000     558944 /
  OP_2  OPEN RESV   3067.143   2367.410     505029 /
--OP_3  OPEN RESV   6208.920    254.732     764528 /
  OP_3  OPEN RESV   6153.347    263.676     691233 /
--OP_4  OPEN RESV   2092.540   4363.010     344042 /
  OP_4  OPEN RESV   2152.603   4357.977     288936 /
--OP_5  OPEN RESV   4148.190      6.309     493887 /
  OP_5  OPEN RESV   3872.160      8.641     406515 /
/

WCONINJH
   WI_1 WATER OPEN  13168.30 /
   WI_2 WATER OPEN  13166.20 /
   WI_3 WATER OPEN  14631.40 /
/

WEFAC
  WI_1 1 /
  WI_2 1 /
  WI_3 1 /
  OP_1 1 /
  OP_2 1 /
  OP_3 0.7 /
  OP_4 1 /
  OP_5 0.766667 /
/

DATES
  1 'DEC' 2002 /
/

WCONHIST
--OP_1  OPEN RESV   2368.110   6363.860     433652 /
  OP_1  OPEN RESV   2383.882   6225.390     406949 /
--OP_2  OPEN RESV   3123.930   2040.650     561157 /
  OP_2  OPEN RESV   3113.038   2415.200     504639 /
--OP_3  OPEN RESV   5348.270    693.983     663105 /
  OP_3  OPEN RESV   5345.887    728.087     597816 /
--OP_4  OPEN RESV   2023.780   4277.060     333931 /
  OP_4  OPEN RESV   2083.893   4203.912     277787 /
--OP_5  OPEN RESV   4293.840     11.398     451352 /
  OP_5  OPEN RESV   3985.120     13.214     363207 /
/

WCONINJH
   WI_1 WATER OPEN   9536.94 /
   WI_2 WATER OPEN   9713.14 /
   WI_3 WATER OPEN  10596.60 /
/

WEFAC
  WI_1 1 /
  WI_2 1 /
  WI_3 1 /
  OP_1 0.548387 /
  OP_2 0.548387 /
  OP_3 1 /
  OP_4 0.677419 /
  OP_5 0.774194 /
/

DATES
  1 'JAN' 2003 /
/
